2021-05-17T07:30:47.175Z - normal: Load ~/.CocosCreator/settings.json
2021-05-17T07:30:47.214Z - normal: Initializing Asset Database
2021-05-17T07:30:47.216Z - normal: checking language setting...
2021-05-17T07:30:47.216Z - normal: Language: en
2021-05-17T07:30:47.665Z - success: preview server running at http://localhost:7456
2021-05-17T07:30:47.677Z - success: protocol editor-framework registered
2021-05-17T07:30:47.677Z - success: protocol app registered
2021-05-17T07:30:47.677Z - success: protocol theme registered
2021-05-17T07:30:47.677Z - success: protocol packages registered
2021-05-17T07:30:47.677Z - success: protocol uuid registerred
2021-05-17T07:30:47.677Z - success: protocol db registerred
2021-05-17T07:30:47.677Z - success: protocol thumbnail registerred
2021-05-17T07:30:47.677Z - success: protocol unpack registerred
2021-05-17T07:30:47.677Z - success: protocol disable-commonjs registerred
2021-05-17T07:30:48.207Z - normal: connected!
2021-05-17T07:30:48.208Z - normal: Check project /Users/admin/Desktop/Git/washdishes_project
2021-05-17T07:30:48.210Z - normal: Initializing project /Users/admin/Desktop/Git/washdishes_project
2021-05-17T07:30:48.451Z - normal: Initializing Cocos2d
2021-05-17T07:30:48.850Z - normal: Initializing engine extends
2021-05-17T07:30:48.867Z - success: alipay-adapter loaded
2021-05-17T07:30:48.871Z - success: asset-db-debugger loaded
2021-05-17T07:30:48.874Z - success: baidu-adapter loaded
2021-05-17T07:30:48.877Z - success: color-picker loaded
2021-05-17T07:30:48.975Z - success: fb-audience-network loaded
2021-05-17T07:30:49.036Z - success: fb-live-stream loaded
2021-05-17T07:30:49.038Z - success: google-play-instant loaded
2021-05-17T07:30:49.041Z - success: huawei-runtime loaded
2021-05-17T07:30:49.180Z - success: cpk-publish loaded
2021-05-17T07:30:49.180Z - success: jsb-adapter loaded
2021-05-17T07:30:49.183Z - success: oppo-runtime loaded
2021-05-17T07:30:49.186Z - success: package-manager loaded
2021-05-17T07:30:49.255Z - success: qqplay-adapter loaded
2021-05-17T07:30:49.256Z - success: runtime-dev-tools loaded
2021-05-17T07:30:49.261Z - success: sdkbox loaded
2021-05-17T07:30:49.264Z - success: tester loaded
2021-05-17T07:30:49.266Z - success: ui-kit-preview-extra loaded
2021-05-17T07:30:49.268Z - success: ui-kit-preview loaded
2021-05-17T07:30:49.270Z - success: ui-kit loaded
2021-05-17T07:30:49.273Z - success: vivo-runtime loaded
2021-05-17T07:30:49.274Z - success: weapp-adapter loaded
2021-05-17T07:30:49.274Z - success: xiaomi-adapter loaded
2021-05-17T07:30:49.276Z - success: alipay-minigame loaded
2021-05-17T07:30:49.307Z - success: assets loaded
2021-05-17T07:30:49.309Z - success: builder loaded
2021-05-17T07:30:49.468Z - success: cocos-services loaded
2021-05-17T07:30:49.473Z - success: console loaded
2021-05-17T07:30:49.499Z - success: fb-instant-games loaded
2021-05-17T07:30:49.502Z - success: game-window loaded
2021-05-17T07:30:49.503Z - success: google-instant-games loaded
2021-05-17T07:30:49.507Z - success: hierarchy loaded
2021-05-17T07:30:49.510Z - success: inspector loaded
2021-05-17T07:30:49.511Z - success: keystore loaded
2021-05-17T07:30:49.515Z - success: node-library loaded
2021-05-17T07:30:49.516Z - success: package-asset loaded
2021-05-17T07:30:49.517Z - success: preferences loaded
2021-05-17T07:30:49.520Z - success: project-exporter loaded
2021-05-17T07:30:49.523Z - success: project-importer loaded
2021-05-17T07:30:49.526Z - success: project-settings loaded
2021-05-17T07:30:49.529Z - success: scene loaded
2021-05-17T07:30:49.530Z - success: simulator-debugger loaded
2021-05-17T07:30:49.531Z - success: sprite-editor loaded
2021-05-17T07:30:49.534Z - success: store loaded
2021-05-17T07:30:49.539Z - success: timeline loaded
2021-05-17T07:30:49.542Z - success: xiaomi-runtime loaded
2021-05-17T07:30:53.522Z - normal: Loading packages
2021-05-17T07:30:53.526Z - normal: Watching packages
2021-05-17T07:30:53.615Z - normal: Run Application
2021-05-17T07:30:53.800Z - info: Cocos Services load base data!
